<?xml version="1.0" encoding="UTF-8"?>
<!-- Generated by org.testng.reporters.JUnitReportReporter -->
<testsuite hostname="Sami" failures="0" tests="3" name="com.tutorialninja.testcases.Search" time="43.843" errors="0" timestamp="2023-10-25T09:16:06 GMT-07:00" skipped="0">
  <testcase classname="com.tutorialninja.testcases.Search" name="verifySearchingExistingProduct" time="10.385"/>
  <testcase classname="com.tutorialninja.testcases.Search" name="verifySearchingNonExistingProduct" time="16.880"/>
  <testcase classname="com.tutorialninja.testcases.Search" name="verifySearchingwithoutPassingAnyProduct" time="16.578"/>
</testsuite> <!-- com.tutorialninja.testcases.Search -->
