<?xml version="1.0" encoding="UTF-8"?>
<!-- Generated by org.testng.reporters.JUnitReportReporter -->
<testsuite hostname="Sami" failures="0" tests="7" name="com.tutorialninja.testcases.Login" time="87.866" errors="0" timestamp="2023-10-25T09:16:06 GMT-07:00" skipped="0">
  <testcase classname="com.tutorialninja.testcases.Login" name="verifyValidLoginWithCredentials" time="12.117"/>
  <testcase classname="com.tutorialninja.testcases.Login" name="verifyValidLoginWithCredentials" time="14.693"/>
  <testcase classname="com.tutorialninja.testcases.Login" name="verifyValidLoginWithCredentials" time="11.975"/>
  <testcase classname="com.tutorialninja.testcases.Login" name="verifyInvalidLoginUsingInvalidEmailandInvalidPassword" time="10.772"/>
  <testcase classname="com.tutorialninja.testcases.Login" name="verifyInvalidLoginUsingValidEmailandInvalidPassword" time="15.531"/>
  <testcase classname="com.tutorialninja.testcases.Login" name="verifyInvalidLoginUsingInvalidEmailandValidPassword" time="11.741"/>
  <testcase classname="com.tutorialninja.testcases.Login" name="verifyInvalidLoginUsingEmptyEmailandPassword" time="11.037"/>
</testsuite> <!-- com.tutorialninja.testcases.Login -->
