<?xml version="1.0" encoding="UTF-8"?>
<!-- Generated by org.testng.reporters.JUnitReportReporter -->
<testsuite hostname="Sami" failures="0" tests="4" name="com.tutorialninja.testcases.Register" time="57.691" errors="0" timestamp="2023-10-25T09:16:06 GMT-07:00" skipped="0">
  <testcase classname="com.tutorialninja.testcases.Register" name="verifyRegisterByProvidingMandatoryFields" time="16.506"/>
  <testcase classname="com.tutorialninja.testcases.Register" name="verifyRegisterByProvidingAllFields" time="13.543"/>
  <testcase classname="com.tutorialninja.testcases.Register" name="verifyRegisterByProvidingExistingEmail" time="13.833"/>
  <testcase classname="com.tutorialninja.testcases.Register" name="verifyRegisterByProvidingEmptyFields" time="13.809"/>
</testsuite> <!-- com.tutorialninja.testcases.Register -->
