<?xml version="1.0" encoding="UTF-8"?>
<!-- Generated by org.testng.reporters.JUnitReportReporter -->
<testsuite hostname="Sami" failures="0" tests="3" name="com.tutorialninja.testcases.SearchTest" time="19.174" errors="0" timestamp="2023-10-27T16:47:05 GMT-07:00" skipped="0">
  <testcase classname="com.tutorialninja.testcases.SearchTest" name="verifySearchingExistingProduct" time="5.501"/>
  <testcase classname="com.tutorialninja.testcases.SearchTest" name="verifySearchingNonExistingProduct" time="5.749"/>
  <testcase classname="com.tutorialninja.testcases.SearchTest" name="verifySearchingwithoutPassingAnyProduct" time="7.924"/>
</testsuite> <!-- com.tutorialninja.testcases.SearchTest -->
